<?xml version="1.0" encoding="UTF-8"?>
<testsuite xmlns:xsi="http://www.w3.org/2001/XMLSchema-instance" xsi:noNamespaceSchemaLocation="https://maven.apache.org/surefire/maven-surefire-plugin/xsd/surefire-test-report-3.0.xsd" version="3.0" name="circulo.FiguraCirculoTest" time="0.078" tests="10" errors="0" skipped="0" failures="0">
  <properties>
    <property name="java.specification.version" value="18"/>
    <property name="sun.cpu.isalist" value="amd64"/>
    <property name="sun.jnu.encoding" value="Cp1252"/>
    <property name="java.class.path" value="C:\Users\noelu\OneDrive\Documentos\ciclo superior DAM\CD\tareas recuperacion final\Circulo\Circulo\target\test-classes;C:\Users\noelu\OneDrive\Documentos\ciclo superior DAM\CD\tareas recuperacion final\Circulo\Circulo\target\classes;C:\Users\noelu\.m2\repository\org\junit\jupiter\junit-jupiter-api\5.3.1\junit-jupiter-api-5.3.1.jar;C:\Users\noelu\.m2\repository\org\apiguardian\apiguardian-api\1.0.0\apiguardian-api-1.0.0.jar;C:\Users\noelu\.m2\repository\org\opentest4j\opentest4j\1.1.1\opentest4j-1.1.1.jar;C:\Users\noelu\.m2\repository\org\junit\platform\junit-platform-commons\1.3.1\junit-platform-commons-1.3.1.jar;C:\Users\noelu\.m2\repository\org\junit\jupiter\junit-jupiter-params\5.3.1\junit-jupiter-params-5.3.1.jar;C:\Users\noelu\.m2\repository\org\junit\jupiter\junit-jupiter-engine\5.3.1\junit-jupiter-engine-5.3.1.jar;C:\Users\noelu\.m2\repository\org\junit\platform\junit-platform-engine\1.3.1\junit-platform-engine-1.3.1.jar;"/>
    <property name="java.vm.vendor" value="Oracle Corporation"/>
    <property name="sun.arch.data.model" value="64"/>
    <property name="user.variant" value=""/>
    <property name="java.vendor.url" value="https://java.oracle.com/"/>
    <property name="user.timezone" value="Europe/Madrid"/>
    <property name="os.name" value="Windows 11"/>
    <property name="java.vm.specification.version" value="18"/>
    <property name="user.country" value="ES"/>
    <property name="sun.java.launcher" value="SUN_STANDARD"/>
    <property name="sun.boot.library.path" value="C:\Program Files\Java\jdk-18.0.2.1\bin"/>
    <property name="sun.java.command" value="C:\Users\noelu\AppData\Local\Temp\surefire7667430530462546820\surefirebooter-20240606182219920_3.jar C:\Users\noelu\AppData\Local\Temp\surefire7667430530462546820 2024-06-06T18-22-19_641-jvmRun1 surefire-20240606182219920_1tmp surefire_0-20240606182219920_2tmp"/>
    <property name="jdk.debug" value="release"/>
    <property name="surefire.test.class.path" value="C:\Users\noelu\OneDrive\Documentos\ciclo superior DAM\CD\tareas recuperacion final\Circulo\Circulo\target\test-classes;C:\Users\noelu\OneDrive\Documentos\ciclo superior DAM\CD\tareas recuperacion final\Circulo\Circulo\target\classes;C:\Users\noelu\.m2\repository\org\junit\jupiter\junit-jupiter-api\5.3.1\junit-jupiter-api-5.3.1.jar;C:\Users\noelu\.m2\repository\org\apiguardian\apiguardian-api\1.0.0\apiguardian-api-1.0.0.jar;C:\Users\noelu\.m2\repository\org\opentest4j\opentest4j\1.1.1\opentest4j-1.1.1.jar;C:\Users\noelu\.m2\repository\org\junit\platform\junit-platform-commons\1.3.1\junit-platform-commons-1.3.1.jar;C:\Users\noelu\.m2\repository\org\junit\jupiter\junit-jupiter-params\5.3.1\junit-jupiter-params-5.3.1.jar;C:\Users\noelu\.m2\repository\org\junit\jupiter\junit-jupiter-engine\5.3.1\junit-jupiter-engine-5.3.1.jar;C:\Users\noelu\.m2\repository\org\junit\platform\junit-platform-engine\1.3.1\junit-platform-engine-1.3.1.jar;"/>
    <property name="sun.cpu.endian" value="little"/>
    <property name="user.home" value="C:\Users\noelu"/>
    <property name="user.language" value="es"/>
    <property name="java.specification.vendor" value="Oracle Corporation"/>
    <property name="java.version.date" value="2022-08-18"/>
    <property name="java.home" value="C:\Program Files\Java\jdk-18.0.2.1"/>
    <property name="file.separator" value="\"/>
    <property name="basedir" value="C:\Users\noelu\OneDrive\Documentos\ciclo superior DAM\CD\tareas recuperacion final\Circulo\Circulo"/>
    <property name="java.vm.compressedOopsMode" value="32-bit"/>
    <property name="line.separator" value="&#10;"/>
    <property name="java.vm.specification.vendor" value="Oracle Corporation"/>
    <property name="java.specification.name" value="Java Platform API Specification"/>
    <property name="surefire.real.class.path" value="C:\Users\noelu\AppData\Local\Temp\surefire7667430530462546820\surefirebooter-20240606182219920_3.jar"/>
    <property name="user.script" value=""/>
    <property name="sun.management.compiler" value="HotSpot 64-Bit Tiered Compilers"/>
    <property name="java.runtime.version" value="18.0.2.1+1-1"/>
    <property name="user.name" value="noelu"/>
    <property name="path.separator" value=";"/>
    <property name="os.version" value="10.0"/>
    <property name="java.runtime.name" value="Java(TM) SE Runtime Environment"/>
    <property name="file.encoding" value="UTF-8"/>
    <property name="java.vm.name" value="Java HotSpot(TM) 64-Bit Server VM"/>
    <property name="maven.ext.class.path" value="C:\Program Files\NetBeans-19\netbeans\java\maven-nblib\netbeans-eventspy.jar"/>
    <property name="localRepository" value="C:\Users\noelu\.m2\repository"/>
    <property name="java.vendor.url.bug" value="https://bugreport.java.com/bugreport/"/>
    <property name="java.io.tmpdir" value="C:\Users\noelu\AppData\Local\Temp\"/>
    <property name="java.version" value="18.0.2.1"/>
    <property name="user.dir" value="C:\Users\noelu\OneDrive\Documentos\ciclo superior DAM\CD\tareas recuperacion final\Circulo\Circulo"/>
    <property name="os.arch" value="amd64"/>
    <property name="java.vm.specification.name" value="Java Virtual Machine Specification"/>
    <property name="sun.os.patch.level" value=""/>
    <property name="native.encoding" value="Cp1252"/>
    <property name="java.library.path" value="C:\Program Files\Java\jdk-18.0.2.1\bin;C:\WINDOWS\Sun\Java\bin;C:\WINDOWS\system32;C:\WINDOWS;C:\Program Files\Common Files\Oracle\Java\javapath;C:\app\noelu\product\21c\dbhomeXE\bin;C:\Program Files\HP\HP One Agent;C:\Users\noelu\AppData\Local\Microsoft\WindowsApps;;C:\Program Files\JetBrains\IntelliJ IDEA Community Edition 2023.2.2\bin;;C:\Users\noelu\AppData\Local\Programs\Microsoft VS Code\bin;."/>
    <property name="java.vm.info" value="mixed mode, sharing"/>
    <property name="java.vendor" value="Oracle Corporation"/>
    <property name="java.vm.version" value="18.0.2.1+1-1"/>
    <property name="sun.io.unicode.encoding" value="UnicodeLittle"/>
    <property name="java.class.version" value="62.0"/>
  </properties>
  <testcase name="testTrasladarCentro" classname="circulo.FiguraCirculoTest" time="0.029">
    <system-out><![CDATA[trasladarCentro
]]></system-out>
  </testcase>
  <testcase name="testObtenerDiametro" classname="circulo.FiguraCirculoTest" time="0.003">
    <system-out><![CDATA[obtenerDiametro
]]></system-out>
  </testcase>
  <testcase name="testEstablecerX" classname="circulo.FiguraCirculoTest" time="0.002">
    <system-out><![CDATA[establecerX
]]></system-out>
  </testcase>
  <testcase name="testEstablecerY" classname="circulo.FiguraCirculoTest" time="0.002">
    <system-out><![CDATA[establecerY
]]></system-out>
  </testcase>
  <testcase name="testObtenerCircunferencia" classname="circulo.FiguraCirculoTest" time="0.002">
    <system-out><![CDATA[obtenerCircunferencia
]]></system-out>
  </testcase>
  <testcase name="testObtenerRadio" classname="circulo.FiguraCirculoTest" time="0.002">
    <system-out><![CDATA[obtenerRadio
]]></system-out>
  </testcase>
  <testcase name="testEstablecerRadio" classname="circulo.FiguraCirculoTest" time="0.002">
    <system-out><![CDATA[establecerRadio
]]></system-out>
  </testcase>
  <testcase name="testObtenerX" classname="circulo.FiguraCirculoTest" time="0.002">
    <system-out><![CDATA[obtenerX
]]></system-out>
  </testcase>
  <testcase name="testObtenerY" classname="circulo.FiguraCirculoTest" time="0.002">
    <system-out><![CDATA[obtenerY
]]></system-out>
  </testcase>
  <testcase name="testAreaFiguraCirculo" classname="circulo.FiguraCirculoTest" time="0.002">
    <system-out><![CDATA[obtenerArea
]]></system-out>
  </testcase>
</testsuite>